<?xml version="1.0" encoding="UTF-8"?>
<testng-results skipped="0" failed="0" ignored="2" total="3" passed="1">
  <reporter-output>
  </reporter-output>
  <suite name="mercurytests" duration-ms="57" started-at="2018-09-23T11:03:23Z" finished-at="2018-09-23T11:03:23Z">
    <groups>
      <group name="Acceptance">
        <method signature="NewTest.newTest()[pri:0, instance:MercuryTours.NewTest@c038203]" name="newTest" class="MercuryTours.NewTest"/>
      </group> <!-- Acceptance -->
    </groups>
    <test name="Regression" duration-ms="57" started-at="2018-09-23T11:03:23Z" finished-at="2018-09-23T11:03:23Z">
      <class name="MercuryTours.NewTest">
        <test-method status="PASS" signature="newTest()[pri:0, instance:MercuryTours.NewTest@c038203]" name="newTest" duration-ms="15" started-at="2018-09-23T11:03:23Z" finished-at="2018-09-23T11:03:23Z">
          <reporter-output>
          </reporter-output>
        </test-method> <!-- newTest -->
      </class> <!-- MercuryTours.NewTest -->
    </test> <!-- Regression -->
  </suite> <!-- mercurytests -->
</testng-results>
