<?xml version="1.0" encoding="UTF-8"?>
<!-- Generated by org.testng.reporters.JUnitXMLReporter -->
<testsuite hostname="DESKTOP-BC21NU3" ignored="2" name="Regression" tests="1" failures="0" timestamp="23 Sep 2018 11:03:23 GMT" time="0.057" errors="0">
  <testcase name="newTest" time="0.015" classname="MercuryTours.NewTest"/>
  <testcase name="userRegistration" time="0.0" classname="MercuryTours.MercuryTestSuite">
    <ignored/>
  </testcase> <!-- userRegistration -->
  <testcase name="clickRegistration" time="0.0" classname="MercuryTours.MercuryTestSuite">
    <ignored/>
  </testcase> <!-- clickRegistration -->
</testsuite> <!-- Regression -->
