<?xml version="1.0" encoding="UTF-8"?>
<!-- Generated by org.testng.reporters.JUnitXMLReporter -->
<testsuite hostname="DESKTOP-BC21NU3" ignored="0" name="Default test" tests="4" failures="0" timestamp="23 Sep 2018 03:10:21 GMT" time="11.293" errors="0">
  <testcase name="addTest1" time="0.006" classname="testpackage.QaTest"/>
  <testcase name="addTest2" time="0.002" classname="testpackage.QaTest"/>
  <testcase name="addTest3" time="0.002" classname="testpackage.QaTest"/>
  <testcase name="addTestDriver" time="11.241" classname="testpackage.QaTest"/>
</testsuite> <!-- Default test -->
